<?xml version="1.0" encoding="UTF-8"?>
<!-- Generated by org.testng.reporters.JUnitReportReporter -->
<testsuite hostname="HGT-LAP-359" failures="0" tests="1" name="TestCase.LoginPageTest" time="203.546" errors="0" timestamp="2024-02-09T15:41:38 IST" skipped="0">
  <testcase classname="TestCase.LoginPageTest" name="Review" time="203.546"/>
  <system-out/>
</testsuite> <!-- TestCase.LoginPageTest -->
